0 info it worked if it ends with ok
1 verbose cli [ '/usr/local/bin/node',
1 verbose cli   '/usr/local/bin/npm',
1 verbose cli   'install',
1 verbose cli   'cypress',
1 verbose cli   '@10.3.0',
1 verbose cli   '--save-dev' ]
2 info using npm@2.15.11
3 info using node@v4.8.7
4 verbose install initial load of /Users/vivi/curso-cypress/Preentrega/package.json
5 warn package.json Preentrega@1.0.0 No description
6 warn package.json Preentrega@1.0.0 No repository field.
7 warn package.json Preentrega@1.0.0 No README data
8 verbose readDependencies loading dependencies from /Users/vivi/curso-cypress/Preentrega/package.json
9 silly cache add args [ 'cypress', null ]
10 verbose cache add spec cypress
11 silly cache add args [ '@10.3.0', null ]
12 verbose cache add spec @10.3.0
13 silly cache add parsed spec Result {
13 silly cache add   raw: 'cypress',
13 silly cache add   scope: null,
13 silly cache add   name: 'cypress',
13 silly cache add   rawSpec: '',
13 silly cache add   spec: 'latest',
13 silly cache add   type: 'tag' }
14 silly addNamed cypress@latest
15 verbose addNamed "latest" is being treated as a dist-tag for cypress
16 info addNameTag [ 'cypress', 'latest' ]
17 silly mapToRegistry name cypress
18 silly mapToRegistry using default registry
19 silly mapToRegistry registry https://registry.npmjs.org/
20 silly mapToRegistry data Result {
20 silly mapToRegistry   raw: 'cypress',
20 silly mapToRegistry   scope: null,
20 silly mapToRegistry   name: 'cypress',
20 silly mapToRegistry   rawSpec: '',
20 silly mapToRegistry   spec: 'latest',
20 silly mapToRegistry   type: 'tag' }
21 silly mapToRegistry uri https://registry.npmjs.org/cypress
22 verbose addNameTag registry:https://registry.npmjs.org/cypress not in flight; fetching
23 silly cache add parsed spec Result {
23 silly cache add   raw: '@10.3.0',
23 silly cache add   scope: null,
23 silly cache add   name: null,
23 silly cache add   rawSpec: '@10.3.0',
23 silly cache add   spec: '/Users/vivi/curso-cypress/Preentrega/@10.3.0',
23 silly cache add   type: 'local' }
24 error addLocal Could not install /Users/vivi/curso-cypress/Preentrega/@10.3.0
25 verbose request uri https://registry.npmjs.org/cypress
26 verbose request no auth needed
27 info attempt registry request try #1 at 8:42:29 AM
28 verbose request id d91eae686cf901a5
29 verbose etag W/"89be1c45e3147fc9fb6252e33a7e9a5e"
30 verbose lastModified Tue, 25 Oct 2022 14:28:42 GMT
31 http request GET https://registry.npmjs.org/cypress
32 http 200 https://registry.npmjs.org/cypress
33 verbose headers { date: 'Mon, 31 Oct 2022 11:42:29 GMT',
33 verbose headers   'content-type': 'application/json',
33 verbose headers   'transfer-encoding': 'chunked',
33 verbose headers   connection: 'keep-alive',
33 verbose headers   'cf-ray': '762c20a98915a78d-EZE',
33 verbose headers   'access-control-allow-origin': '*',
33 verbose headers   age: '82',
33 verbose headers   'cache-control': 'public, max-age=300',
33 verbose headers   etag: 'W/"0e32387128a11f51265c785e3ccc58f2"',
33 verbose headers   'last-modified': 'Tue, 25 Oct 2022 18:27:44 GMT',
33 verbose headers   vary: 'accept-encoding, accept',
33 verbose headers   'cf-cache-status': 'HIT',
33 verbose headers   'x-amz-replication-status': 'COMPLETED',
33 verbose headers   server: 'cloudflare',
33 verbose headers   'content-encoding': 'gzip' }
34 silly get cb [ 200,
34 silly get   { date: 'Mon, 31 Oct 2022 11:42:29 GMT',
34 silly get     'content-type': 'application/json',
34 silly get     'transfer-encoding': 'chunked',
34 silly get     connection: 'keep-alive',
34 silly get     'cf-ray': '762c20a98915a78d-EZE',
34 silly get     'access-control-allow-origin': '*',
34 silly get     age: '82',
34 silly get     'cache-control': 'public, max-age=300',
34 silly get     etag: 'W/"0e32387128a11f51265c785e3ccc58f2"',
34 silly get     'last-modified': 'Tue, 25 Oct 2022 18:27:44 GMT',
34 silly get     vary: 'accept-encoding, accept',
34 silly get     'cf-cache-status': 'HIT',
34 silly get     'x-amz-replication-status': 'COMPLETED',
34 silly get     server: 'cloudflare',
34 silly get     'content-encoding': 'gzip' } ]
35 verbose get saving cypress to /Users/vivi/.npm/registry.npmjs.org/cypress/.cache.json
36 verbose correctMkdir /Users/vivi/.npm correctMkdir not in flight; initializing
37 silly addNameTag next cb for cypress with tag latest
38 silly addNamed cypress@10.11.0
39 verbose addNamed "10.11.0" is a plain semver version for cypress
40 silly mapToRegistry name cypress
41 silly mapToRegistry using default registry
42 silly mapToRegistry registry https://registry.npmjs.org/
43 silly mapToRegistry data Result {
43 silly mapToRegistry   raw: 'cypress',
43 silly mapToRegistry   scope: null,
43 silly mapToRegistry   name: 'cypress',
43 silly mapToRegistry   rawSpec: '',
43 silly mapToRegistry   spec: 'latest',
43 silly mapToRegistry   type: 'tag' }
44 silly mapToRegistry uri https://registry.npmjs.org/cypress
45 verbose addRemoteTarball https://registry.npmjs.org/cypress/-/cypress-10.11.0.tgz not in flight; adding
46 verbose addRemoteTarball [ 'https://registry.npmjs.org/cypress/-/cypress-10.11.0.tgz',
46 verbose addRemoteTarball   'e9fbdd7638bae3d8fb7619fd75a6330d11ebb4e8' ]
47 info retry fetch attempt 1 at 8:42:29 AM
48 info attempt registry request try #1 at 8:42:29 AM
49 http fetch GET https://registry.npmjs.org/cypress/-/cypress-10.11.0.tgz
50 http fetch 200 https://registry.npmjs.org/cypress/-/cypress-10.11.0.tgz
51 silly fetchAndShaCheck shasum e9fbdd7638bae3d8fb7619fd75a6330d11ebb4e8
52 verbose addTmpTarball /var/folders/d9/9gsg69816gj0_0pzqb5g0r3r0000gp/T/npm-69275-4c7a404f/registry.npmjs.org/cypress/-/cypress-10.11.0.tgz not in flight; adding
53 verbose addTmpTarball already have metadata; skipping unpack for cypress@10.11.0
54 verbose correctMkdir /Users/vivi/.npm correctMkdir not in flight; initializing
55 silly cache afterAdd cypress@10.11.0
56 verbose afterAdd /Users/vivi/.npm/cypress/10.11.0/package/package.json not in flight; writing
57 verbose correctMkdir /Users/vivi/.npm correctMkdir not in flight; initializing
58 verbose afterAdd /Users/vivi/.npm/cypress/10.11.0/package/package.json written
59 verbose stack Error: ENOENT: no such file or directory, open '/Users/vivi/curso-cypress/Preentrega/@10.3.0'
59 verbose stack     at Error (native)
60 verbose cwd /Users/vivi/curso-cypress/Preentrega
61 error Darwin 18.7.0
62 error argv "/usr/local/bin/node" "/usr/local/bin/npm" "install" "cypress" "@10.3.0" "--save-dev"
63 error node v4.8.7
64 error npm  v2.15.11
65 error path /Users/vivi/curso-cypress/Preentrega/@10.3.0
66 error code ENOENT
67 error errno -2
68 error syscall open
69 error enoent ENOENT: no such file or directory, open '/Users/vivi/curso-cypress/Preentrega/@10.3.0'
69 error enoent This is most likely not a problem with npm itself
69 error enoent and is related to npm not being able to find a file.
70 verbose exit [ -2, true ]
